Building DAG of jobs...
Using shell: /usr/bin/bash
Provided cores: 2
Rules claiming more threads will be scaled down.
Job stats:
job                 count
----------------  -------
all                     1
final_report            1
google_summaries        1
total                   3

Select jobs to execute...
Execute 1 jobs...

[Mon Oct 13 13:25:45 2025]
localrule google_summaries:
    input: results/top_PC1_contributor_genes__COAD__T_Dysfunction.tsv
    output: results/PC1_gene_summaries_SerpAPI__COAD__T_Dysfunction.txt
    jobid: 7
    reason: Missing output files: results/PC1_gene_summaries_SerpAPI__COAD__T_Dysfunction.txt
    wildcards: cancer_type=COAD, metric=T_Dysfunction
    resources: tmpdir=/tmp

RuleException:
CalledProcessError in file /app/Snakefile, line 70:
Command 'set -euo pipefail;  /opt/conda/envs/snakemake_env/bin/python3.11 /app/.snakemake/scripts/tmpaxgimvzc.gene_summary.py' returned non-zero exit status 1.
[Mon Oct 13 13:25:46 2025]
Error in rule google_summaries:
    jobid: 7
    input: results/top_PC1_contributor_genes__COAD__T_Dysfunction.tsv
    output: results/PC1_gene_summaries_SerpAPI__COAD__T_Dysfunction.txt

Shutting down, this might take some time.
Exiting because a job execution failed. Look above for error message
Complete log: .snakemake/log/2025-10-13T132545.369839.snakemake.log
WorkflowError:
At least one job did not complete successfully.
