Assuming unrestricted shared filesystem usage.
host: QY066DPX6V.crg.es
Building DAG of jobs...
Using shell: /bin/bash
Provided cores: 8
Rules claiming more threads will be scaled down.
Job stats:
job                  count
-----------------  -------
all                      1
data_loading             1
final_report             1
google_summaries         1
pca_km                   1
remove_outliers          1
select_top_genes         1
subset_expression        1
total                    8

Select jobs to execute...
Failed to solve scheduling problem with ILP solver, falling back to greedy scheduler. You likely have to fix your ILP solver installation. Error message: PULP_CBC_CMD: Not Available (check permissions on cbc)
Execute 2 jobs...
[Mon Oct 13 12:17:23 2025]
localrule data_loading:
    output: results/expr__COAD.parquet, results/clinical__COAD.tsv
    jobid: 4
    reason: Missing output files: results/clinical__COAD.tsv, results/expr__COAD.parquet
    wildcards: cancer_type=COAD
    resources: tmpdir=/var/folders/55/00_v6_jj6_vcp7817htf4_zh0000gn/T
[Mon Oct 13 12:17:23 2025]
localrule select_top_genes:
    input: data/all_scores.tsv
    output: results/top_immune_genes__COAD__T_Dysfunction.tsv
    jobid: 5
    reason: Missing output files: results/top_immune_genes__COAD__T_Dysfunction.tsv
    wildcards: cancer_type=COAD, metric=T_Dysfunction
    resources: tmpdir=/var/folders/55/00_v6_jj6_vcp7817htf4_zh0000gn/T
[Mon Oct 13 12:17:31 2025]
Finished jobid: 5 (Rule: select_top_genes)
1 of 8 steps (12%) done
[Mon Oct 13 12:18:46 2025]
Finished jobid: 4 (Rule: data_loading)
2 of 8 steps (25%) done
Select jobs to execute...
Execute 1 jobs...
[Mon Oct 13 12:18:46 2025]
localrule subset_expression:
    input: results/expr__COAD.parquet, results/top_immune_genes__COAD__T_Dysfunction.tsv
    output: results/expr_topimmune__COAD__T_Dysfunction.parquet, results/expr_topimmune_annotated__COAD__T_Dysfunction.parquet
    jobid: 3
    reason: Missing output files: results/expr_topimmune__COAD__T_Dysfunction.parquet; Input files updated by another job: results/top_immune_genes__COAD__T_Dysfunction.tsv, results/expr__COAD.parquet
    wildcards: cancer_type=COAD, metric=T_Dysfunction
    resources: tmpdir=/var/folders/55/00_v6_jj6_vcp7817htf4_zh0000gn/T
[Mon Oct 13 12:18:47 2025]
Finished jobid: 3 (Rule: subset_expression)
3 of 8 steps (38%) done
Select jobs to execute...
Execute 1 jobs...
[Mon Oct 13 12:18:47 2025]
localrule remove_outliers:
    input: results/expr_topimmune__COAD__T_Dysfunction.parquet, results/clinical__COAD.tsv
    output: results/expr_topimmune_cleaned__COAD__T_Dysfunction.parquet, results/clinical_cleaned__COAD__T_Dysfunction.tsv, results/outliers__COAD__T_Dysfunction.tsv, results/qc_plots/pca_outlier_detection__COAD__T_Dysfunction.pdf
    jobid: 2
    reason: Missing output files: results/expr_topimmune_cleaned__COAD__T_Dysfunction.parquet, results/clinical_cleaned__COAD__T_Dysfunction.tsv, results/qc_plots/pca_outlier_detection__COAD__T_Dysfunction.pdf; Input files updated by another job: results/clinical__COAD.tsv, results/expr_topimmune__COAD__T_Dysfunction.parquet
    wildcards: cancer_type=COAD, metric=T_Dysfunction
    resources: tmpdir=/var/folders/55/00_v6_jj6_vcp7817htf4_zh0000gn/T
[Mon Oct 13 12:18:50 2025]
Finished jobid: 2 (Rule: remove_outliers)
4 of 8 steps (50%) done
Select jobs to execute...
Execute 1 jobs...
[Mon Oct 13 12:18:50 2025]
localrule pca_km:
    input: results/expr_topimmune_cleaned__COAD__T_Dysfunction.parquet, results/clinical_cleaned__COAD__T_Dysfunction.tsv
    output: results/km_PC1_split__COAD__T_Dysfunction.pdf, results/PC1_gene_loadings__COAD__T_Dysfunction.tsv, results/PC1_gene_loadings_annotated__COAD__T_Dysfunction.tsv, results/top_PC1_contributor_genes__COAD__T_Dysfunction.tsv, results/PC1_top_gene_contributors_annotated__COAD__T_Dysfunction.pdf
    jobid: 1
    reason: Missing output files: results/km_PC1_split__COAD__T_Dysfunction.pdf, results/PC1_top_gene_contributors_annotated__COAD__T_Dysfunction.pdf, results/top_PC1_contributor_genes__COAD__T_Dysfunction.tsv, results/PC1_gene_loadings_annotated__COAD__T_Dysfunction.tsv; Input files updated by another job: results/expr_topimmune_cleaned__COAD__T_Dysfunction.parquet, results/clinical_cleaned__COAD__T_Dysfunction.tsv
    wildcards: cancer_type=COAD, metric=T_Dysfunction
    resources: tmpdir=/var/folders/55/00_v6_jj6_vcp7817htf4_zh0000gn/T
[Mon Oct 13 12:18:56 2025]
Finished jobid: 1 (Rule: pca_km)
5 of 8 steps (62%) done
Select jobs to execute...
Execute 1 jobs...
[Mon Oct 13 12:18:56 2025]
localrule google_summaries:
    input: results/top_PC1_contributor_genes__COAD__T_Dysfunction.tsv
    output: results/PC1_gene_summaries_SerpAPI__COAD__T_Dysfunction.txt
    jobid: 7
    reason: Missing output files: results/PC1_gene_summaries_SerpAPI__COAD__T_Dysfunction.txt; Input files updated by another job: results/top_PC1_contributor_genes__COAD__T_Dysfunction.tsv
    wildcards: cancer_type=COAD, metric=T_Dysfunction
    resources: tmpdir=/var/folders/55/00_v6_jj6_vcp7817htf4_zh0000gn/T
RuleException:
CalledProcessError in file "/Users/boguzhan/Desktop/tic_pipeline/Snakefile", line 70:
Command 'set -euo pipefail;  /opt/miniconda3/envs/snakemake_env/bin/python3.13 /Users/boguzhan/Desktop/tic_pipeline/.snakemake/scripts/tmpocuujbx1.gene_summary.py' returned non-zero exit status 1.
[Mon Oct 13 12:18:57 2025]
Error in rule google_summaries:
    message: None
    jobid: 7
    input: results/top_PC1_contributor_genes__COAD__T_Dysfunction.tsv
    output: results/PC1_gene_summaries_SerpAPI__COAD__T_Dysfunction.txt
Shutting down, this might take some time.
Exiting because a job execution failed. Look below for error messages
[Mon Oct 13 12:18:57 2025]
Error in rule google_summaries:
    message: None
    jobid: 7
    input: results/top_PC1_contributor_genes__COAD__T_Dysfunction.tsv
    output: results/PC1_gene_summaries_SerpAPI__COAD__T_Dysfunction.txt
Complete log(s): /Users/boguzhan/Desktop/tic_pipeline/.snakemake/log/2025-10-13T121723.009717.snakemake.log
WorkflowError:
At least one job did not complete successfully.
