Building DAG of jobs...
Using shell: /usr/bin/bash
Provided cores: 2
Rules claiming more threads will be scaled down.
Job stats:
job                  count
-----------------  -------
all                      1
data_loading             1
final_report             1
google_summaries         1
pca_km                   1
remove_outliers          1
select_top_genes         1
subset_expression        1
total                    8

Select jobs to execute...
Execute 2 jobs...

[Wed Oct 15 13:41:49 2025]
localrule select_top_genes:
    input: data/all_scores.tsv
    output: results/top_immune_genes__LUAD__T_Dysfunction.tsv
    jobid: 5
    reason: Missing output files: results/top_immune_genes__LUAD__T_Dysfunction.tsv
    wildcards: cancer_type=LUAD, metric=T_Dysfunction
    resources: tmpdir=/tmp

Warning: the following output files of rule select_top_genes were not present when the DAG was created:
{'results/top_immune_genes__LUAD__T_Dysfunction.tsv'}

[Wed Oct 15 13:41:49 2025]
localrule data_loading:
    output: results/expr__LUAD.parquet, results/clinical__LUAD.tsv
    jobid: 4
    reason: Missing output files: results/expr__LUAD.parquet, results/clinical__LUAD.tsv
    wildcards: cancer_type=LUAD
    resources: tmpdir=/tmp

[Wed Oct 15 13:42:10 2025]
Finished job 5.
1 of 8 steps (12%) done
[Wed Oct 15 13:45:56 2025]
Finished job 4.
2 of 8 steps (25%) done
Select jobs to execute...
Execute 1 jobs...

[Wed Oct 15 13:45:56 2025]
localrule subset_expression:
    input: results/expr__LUAD.parquet, results/top_immune_genes__LUAD__T_Dysfunction.tsv
    output: results/expr_topimmune__LUAD__T_Dysfunction.parquet, results/expr_topimmune_annotated__LUAD__T_Dysfunction.parquet
    jobid: 3
    reason: Missing output files: results/expr_topimmune__LUAD__T_Dysfunction.parquet; Input files updated by another job: results/expr__LUAD.parquet, results/top_immune_genes__LUAD__T_Dysfunction.tsv
    wildcards: cancer_type=LUAD, metric=T_Dysfunction
    resources: tmpdir=/tmp

[Wed Oct 15 13:46:02 2025]
Finished job 3.
3 of 8 steps (38%) done
Select jobs to execute...
Execute 1 jobs...

[Wed Oct 15 13:46:02 2025]
localrule remove_outliers:
    input: results/expr_topimmune__LUAD__T_Dysfunction.parquet, results/clinical__LUAD.tsv
    output: results/expr_topimmune_cleaned__LUAD__T_Dysfunction.parquet, results/clinical_cleaned__LUAD__T_Dysfunction.tsv, results/outliers__LUAD__T_Dysfunction.tsv, results/qc_plots/pca_outlier_detection__LUAD__T_Dysfunction.pdf
    jobid: 2
    reason: Missing output files: results/clinical_cleaned__LUAD__T_Dysfunction.tsv, results/qc_plots/pca_outlier_detection__LUAD__T_Dysfunction.pdf, results/expr_topimmune_cleaned__LUAD__T_Dysfunction.parquet; Input files updated by another job: results/clinical__LUAD.tsv, results/expr_topimmune__LUAD__T_Dysfunction.parquet
    wildcards: cancer_type=LUAD, metric=T_Dysfunction
    resources: tmpdir=/tmp

[Wed Oct 15 13:46:06 2025]
Finished job 2.
4 of 8 steps (50%) done
Select jobs to execute...
Execute 1 jobs...

[Wed Oct 15 13:46:06 2025]
localrule pca_km:
    input: results/expr_topimmune_cleaned__LUAD__T_Dysfunction.parquet, results/clinical_cleaned__LUAD__T_Dysfunction.tsv
    output: results/km_PC1_split__LUAD__T_Dysfunction.pdf, results/PC1_gene_loadings__LUAD__T_Dysfunction.tsv, results/PC1_gene_loadings_annotated__LUAD__T_Dysfunction.tsv, results/top_PC1_contributor_genes__LUAD__T_Dysfunction.tsv, results/PC1_top_gene_contributors_annotated__LUAD__T_Dysfunction.pdf
    jobid: 1
    reason: Missing output files: results/PC1_gene_loadings_annotated__LUAD__T_Dysfunction.tsv, results/km_PC1_split__LUAD__T_Dysfunction.pdf, results/PC1_top_gene_contributors_annotated__LUAD__T_Dysfunction.pdf, results/top_PC1_contributor_genes__LUAD__T_Dysfunction.tsv; Input files updated by another job: results/clinical_cleaned__LUAD__T_Dysfunction.tsv, results/expr_topimmune_cleaned__LUAD__T_Dysfunction.parquet
    wildcards: cancer_type=LUAD, metric=T_Dysfunction
    resources: tmpdir=/tmp

RuleException:
CalledProcessError in file /app/Snakefile, line 62:
Command 'set -euo pipefail;  /opt/conda/envs/snakemake_env/bin/python3.11 /app/.snakemake/scripts/tmp5bzoin__.pc1_survival.py' returned non-zero exit status 1.
[Wed Oct 15 13:46:08 2025]
Error in rule pca_km:
    jobid: 1
    input: results/expr_topimmune_cleaned__LUAD__T_Dysfunction.parquet, results/clinical_cleaned__LUAD__T_Dysfunction.tsv
    output: results/km_PC1_split__LUAD__T_Dysfunction.pdf, results/PC1_gene_loadings__LUAD__T_Dysfunction.tsv, results/PC1_gene_loadings_annotated__LUAD__T_Dysfunction.tsv, results/top_PC1_contributor_genes__LUAD__T_Dysfunction.tsv, results/PC1_top_gene_contributors_annotated__LUAD__T_Dysfunction.pdf

Shutting down, this might take some time.
Exiting because a job execution failed. Look above for error message
Complete log: .snakemake/log/2025-10-15T134149.046169.snakemake.log
WorkflowError:
At least one job did not complete successfully.
