Building DAG of jobs...
Using shell: /usr/bin/bash
Provided cores: 2
Rules claiming more threads will be scaled down.
Job stats:
job                 count
----------------  -------
all                     1
final_report            1
google_summaries        1
pca_km                  1
total                   4

Select jobs to execute...
Execute 1 jobs...

[Wed Oct 15 14:41:51 2025]
localrule pca_km:
    input: results/expr_topimmune_cleaned__LUAD__T_Dysfunction.parquet, results/clinical_cleaned__LUAD__T_Dysfunction.tsv
    output: results/km_PC1_split__LUAD__T_Dysfunction.pdf, results/PC1_gene_loadings__LUAD__T_Dysfunction.tsv, results/PC1_gene_loadings_annotated__LUAD__T_Dysfunction.tsv, results/top_PC1_contributor_genes__LUAD__T_Dysfunction.tsv, results/PC1_top_gene_contributors_annotated__LUAD__T_Dysfunction.pdf
    jobid: 1
    reason: Missing output files: results/top_PC1_contributor_genes__LUAD__T_Dysfunction.tsv, results/PC1_gene_loadings_annotated__LUAD__T_Dysfunction.tsv, results/PC1_top_gene_contributors_annotated__LUAD__T_Dysfunction.pdf, results/km_PC1_split__LUAD__T_Dysfunction.pdf
    wildcards: cancer_type=LUAD, metric=T_Dysfunction
    resources: tmpdir=/tmp

[Wed Oct 15 14:41:56 2025]
Finished job 1.
1 of 4 steps (25%) done
Select jobs to execute...
Execute 1 jobs...

[Wed Oct 15 14:41:56 2025]
localrule google_summaries:
    input: results/top_PC1_contributor_genes__LUAD__T_Dysfunction.tsv
    output: results/PC1_gene_summaries_SerpAPI__LUAD__T_Dysfunction.txt
    jobid: 7
    reason: Missing output files: results/PC1_gene_summaries_SerpAPI__LUAD__T_Dysfunction.txt; Input files updated by another job: results/top_PC1_contributor_genes__LUAD__T_Dysfunction.tsv
    wildcards: cancer_type=LUAD, metric=T_Dysfunction
    resources: tmpdir=/tmp

RuleException:
CalledProcessError in file /app/Snakefile, line 70:
Command 'set -euo pipefail;  /opt/conda/envs/snakemake_env/bin/python3.11 /app/.snakemake/scripts/tmpdyvw6gvz.gene_summary.py' returned non-zero exit status 1.
[Wed Oct 15 14:41:56 2025]
Error in rule google_summaries:
    jobid: 7
    input: results/top_PC1_contributor_genes__LUAD__T_Dysfunction.tsv
    output: results/PC1_gene_summaries_SerpAPI__LUAD__T_Dysfunction.txt

Shutting down, this might take some time.
Exiting because a job execution failed. Look above for error message
Complete log: .snakemake/log/2025-10-15T144151.273082.snakemake.log
WorkflowError:
At least one job did not complete successfully.
